<?xml version="1.0" encoding="UTF-8"?>
<!-- Generated by org.testng.reporters.JUnitReportReporter -->
<testsuite hostname="DESKTOP-T4JK67Q" failures="0" tests="6" name="com.dfm.testcases.HomeAdmin_01" time="126.399" errors="0" timestamp="2022-11-08T17:46:33 IST" skipped="0">
  <testcase classname="com.dfm.testcases.HomeAdmin_01" name="loginAction" time="0.922"/>
  <system-out/>
  <testcase classname="com.dfm.testcases.HomeAdmin_01" name="createCustomer" time="5.024"/>
  <system-out/>
  <testcase classname="com.dfm.testcases.HomeAdmin_01" name="searchUserDetails" time="10.035"/>
  <system-out/>
  <testcase classname="com.dfm.testcases.HomeAdmin_01" name="addUserDetails" time="22.624"/>
  <system-out/>
  <testcase classname="com.dfm.testcases.HomeAdmin_01" name="checkNewUserLoginAndLogout" time="70.408"/>
  <system-out/>
  <testcase classname="com.dfm.testcases.HomeAdmin_01" name="addProject" time="17.386"/>
  <system-out/>
</testsuite> <!-- com.dfm.testcases.HomeAdmin_01 -->
