<?xml version="1.0" encoding="UTF-8"?>
<!-- Generated by org.testng.reporters.JUnitReportReporter -->
<testsuite hostname="DESKTOP-T4JK67Q" failures="0" tests="1" name="com.dfm.testcases.LoginAdmin_01" time="1.235" errors="0" timestamp="2022-11-07T17:08:11 IST" skipped="0">
  <testcase classname="com.dfm.testcases.LoginAdmin_01" name="loginAction" time="1.235"/>
  <system-out/>
</testsuite> <!-- com.dfm.testcases.LoginAdmin_01 -->
