<?xml version="1.0" encoding="UTF-8"?>
<!-- Generated by org.testng.reporters.JUnitReportReporter -->
<testsuite hostname="DESKTOP-T4JK67Q" failures="0" tests="1" name="com.dfm.testcases.Login_01" time="1.223" errors="0" timestamp="2022-10-21T14:08:23 IST" skipped="0">
  <testcase classname="com.dfm.testcases.Login_01" name="loginAction" time="1.223"/>
  <system-out/>
</testsuite> <!-- com.dfm.testcases.Login_01 -->
